   Compiling proc-macro2 v1.0.106
   Compiling unicode-ident v1.0.24
   Compiling quote v1.0.46
   Compiling libc v0.2.186
   Compiling cfg-if v1.0.4
   Compiling autocfg v1.5.1
   Compiling libm v0.2.16
   Compiling find-msvc-tools v0.1.9
   Compiling serde_core v1.0.228
   Compiling version_check v0.9.5
   Compiling shlex v2.0.1
   Compiling serde v1.0.228
   Compiling zerocopy v0.8.54
   Compiling num-traits v0.2.19
   Compiling stable_deref_trait v1.2.1
   Compiling getrandom v0.3.4
   Compiling once_cell v1.21.4
   Compiling ahash v0.8.12
   Compiling pkg-config v0.3.33
   Compiling smallvec v1.15.2
   Compiling syn v2.0.118
   Compiling writeable v0.6.3
   Compiling allocator-api2 v0.2.21
   Compiling equivalent v1.0.2
   Compiling jobserver v0.1.35
   Compiling litemap v0.8.2
   Compiling foldhash v0.2.0
   Compiling icu_properties_data v2.2.0
   Compiling cc v1.2.66
   Compiling hashbrown v0.17.1
   Compiling icu_normalizer_data v2.2.0
   Compiling utf8_iter v1.0.4
   Compiling bitflags v2.13.0
   Compiling memchr v2.8.3
   Compiling num-integer v0.1.46
   Compiling num-complex v0.4.6
   Compiling num-bigint v0.4.8
   Compiling generic-array v0.14.7
   Compiling zeroize v1.9.0
   Compiling semver v1.0.28
   Compiling bytes v1.12.1
   Compiling rustls-pki-types v1.15.0
   Compiling rustc_version v0.4.1
   Compiling typenum v1.20.1
   Compiling arrow-schema v59.1.0
   Compiling iana-time-zone v0.1.65
   Compiling zstd-sys v2.0.16+zstd.1.5.7
   Compiling ring v0.17.14
   Compiling zmij v1.0.21
   Compiling ref-cast v1.0.25
   Compiling percent-encoding v2.3.2
   Compiling regex-syntax v0.8.11
   Compiling parking_lot_core v0.9.12
   Compiling itoa v1.0.18
   Compiling chrono v0.4.45
   Compiling synstructure v0.13.2
   Compiling flatbuffers v25.12.19
   Compiling aho-corasick v1.1.4
   Compiling zerofrom-derive v0.1.7
   Compiling serde_derive v1.0.228
   Compiling zerofrom v0.1.8
   Compiling yoke-derive v0.8.2
   Compiling zerocopy-derive v0.8.54
   Compiling zerovec-derive v0.11.3
   Compiling yoke v0.8.3
   Compiling displaydoc v0.2.6
   Compiling zerotrie v0.2.4
   Compiling zerovec v0.11.6
   Compiling ref-cast-impl v1.0.25
   Compiling tinystr v0.8.3
   Compiling potential_utf v0.1.5
   Compiling icu_locale_core v2.2.0
   Compiling icu_collections v2.2.0
   Compiling getrandom v0.2.17
   Compiling rustix v1.1.4
   Compiling utf8parse v0.2.2
   Compiling icu_provider v2.2.0
   Compiling crc32fast v1.5.0
   Compiling icu_properties v2.2.0
   Compiling icu_normalizer v2.2.0
   Compiling scopeguard v1.2.0
   Compiling serde_json v1.0.150
   Compiling untrusted v0.9.0
   Compiling zstd-safe v7.2.4
   Compiling vcpkg v0.2.15
   Compiling idna_adapter v1.2.2
   Compiling idna v1.1.0
   Compiling lock_api v0.4.14
   Compiling libsqlite3-sys v0.30.1
   Compiling anstyle-parse v1.0.0
   Compiling half v2.7.1
   Compiling regex-automata v0.4.15
   Compiling num-rational v0.4.2
   Compiling arrow-buffer v59.1.0
   Compiling num-iter v0.1.46
   Compiling rustls v0.23.41
   Compiling anstyle v1.0.14
   Compiling bit-vec v0.8.0
   Compiling adler2 v2.0.1
   Compiling simd-adler32 v0.3.9
   Compiling linux-raw-sys v0.12.1
   Compiling arrow-data v59.1.0
   Compiling is_terminal_polyfill v1.70.2
   Compiling colorchoice v1.0.5
   Compiling anstyle-query v1.1.5
   Compiling unicode-general-category v1.1.0
   Compiling borrow-or-share v0.2.4
   Compiling paste v1.0.15
   Compiling fluent-uri v0.4.1
   Compiling anstream v1.0.0
   Compiling arrow-array v59.1.0
   Compiling rustls-webpki v0.103.13
   Compiling miniz_oxide v0.8.9
   Compiling arrow-select v59.1.0
   Compiling bit-set v0.8.0
   Compiling num v0.4.3
   Compiling parking_lot v0.12.5
   Compiling hashbrown v0.14.5
   Compiling crypto-common v0.1.7
   Compiling block-buffer v0.10.4
   Compiling form_urlencoded v1.2.2
   Compiling webpki-roots v1.0.8
   Compiling base64 v0.22.1
   Compiling log v0.4.33
   Compiling strsim v0.11.1
   Compiling clap_lex v1.1.0
   Compiling subtle v2.6.1
   Compiling heck v0.5.0
   Compiling tinyvec_macros v0.1.1
   Compiling micromap v0.3.0
   Compiling lazy_static v1.5.0
   Compiling outref v0.5.2
   Compiling vsimd v0.8.0
   Compiling referencing v0.47.0
   Compiling uuid-simd v0.8.0
   Compiling fraction v0.15.4
   Compiling clap_derive v4.6.1
   Compiling tinyvec v1.12.0
   Compiling arrow-ipc v59.1.0
   Compiling clap_builder v4.6.0
   Compiling webpki-roots v0.26.11
   Compiling digest v0.10.7
   Compiling url v2.5.8
   Compiling flate2 v1.1.9
   Compiling hashlink v0.9.1
   Compiling fancy-regex v0.18.0
   Compiling xattr v1.6.1
   Compiling zstd v0.13.3
   Compiling regex v1.13.0
   Compiling email_address v0.2.9
   Compiling jsonschema-regex v0.47.0
   Compiling indexmap v2.14.0
   Compiling ordered-float v2.10.1
   Compiling filetime v0.2.29
   Compiling cpufeatures v0.2.17
   Compiling twox-hash v2.1.2
   Compiling seq-macro v0.3.6
   Compiling data-encoding v2.11.0
   Compiling ryu v1.0.23
   Compiling unsafe-libyaml v0.2.11
   Compiling num-cmp v0.1.0
   Compiling fallible-streaming-iterator v0.1.9
   Compiling fallible-iterator v0.3.0
   Compiling bytecount v0.6.9
   Compiling jsonschema v0.47.0
   Compiling serde_yaml v0.9.34+deprecated
   Compiling parquet v59.1.0
   Compiling sha2 v0.10.9
   Compiling tar v0.4.46
   Compiling serde-value v0.7.0
   Compiling ureq v2.12.1
   Compiling clap v4.6.1
   Compiling unicode-normalization v0.1.24
   Compiling serde_path_to_error v0.1.20
   Compiling unicode-casefold v0.2.0
   Compiling rusqlite v0.32.1
   Compiling cligen v0.1.0 (/tmp/a10m5r2-n1-l64-w128-d3-lognormal-1013951/source/crates/cligen)
    Finished `release` profile [optimized] target(s) in 1m 10s
