STOP Normal program termination


  ********************************************************************
  *                                                                  *
  *              USDA - WATER EROSION PREDICTION PROJECT             *
  *                 WEPP CLIMATE INPUT DATA GENERATOR                *
  *                                                                  *
  *                    CONTINUOUS SIMULATION AND                     *
  *                       SINGLE STORM OPTIONS                       *
  *                    with Command Line Options,                    *
  *                        and Corrections to                        *
  *                  Rainfall Intensity Calculations                 *
  *                   and Random Number Generation.                  *
  *                                                                  *
  *                          VERSION 5.32300                         *
  *                     Revised from VERSION 4.2                     *
  *                          September 2024                          *
  *                                                                  *
  *           (Use -h or /h to list command line options.)           *
  *                                                                  *
  ********************************************************************


 ut422852.par                                                                                                                                                                                                                                                    
 ws-truncated.prn                                                                                                                                                                                                                                                
 FAILED K-S -- Parm:Wind Vel.       Mon:           9  Year:        2023  N:         120
 FAILED K-S -- Parm:Wind Vel.       Mon:           9  Year:        2023  N:         120
 FAILED K-S -- Parm:Wind Vel.       Mon:           9  Year:        2023  N:         120
 FAILED K-S -- Parm:Wind Vel.       Mon:           9  Year:        2023  N:         120
 FAILED K-S -- Parm:Wind Vel.       Mon:           9  Year:        2023  N:         120
*** ERROR *** Could not produce desired level of quality in
                    << Wind Vel.       >> random deviates.
 Failed SN Mean test.
 Parm:Temp. Dew Pt.   Month:           9  Year:        2023  Mlevel=   60.0000000      SDlevel=   48.1990585      Days:         120
 FAILED K-S -- Parm:Wind Vel.       Mon:           9  Year:        2024  N:         150
 FAILED K-S -- Parm:Wind Vel.       Mon:           9  Year:        2024  N:         150
 FAILED K-S -- Parm:Wind Vel.       Mon:           9  Year:        2024  N:         150
 FAILED K-S -- Parm:Wind Vel.       Mon:           9  Year:        2024  N:         150
 FAILED K-S -- Parm:Wind Vel.       Mon:           9  Year:        2024  N:         150
*** ERROR *** Could not produce desired level of quality in
                    << Wind Vel.       >> random deviates.
 Failed SN Mean test.
 Failed SN SD test.
 Parm:Temp. Dew Pt.   Month:           9  Year:        2024  Mlevel=   60.0000000      SDlevel=   62.6481285      Days:         150
 FAILED K-S -- Parm:Wind Vel.       Mon:           9  Year:        2025  N:         180
 FAILED K-S -- Parm:Wind Vel.       Mon:           9  Year:        2025  N:         180
 FAILED K-S -- Parm:Wind Vel.       Mon:           9  Year:        2025  N:         180
 FAILED K-S -- Parm:Wind Vel.       Mon:           9  Year:        2025  N:         180
 FAILED K-S -- Parm:Wind Vel.       Mon:           9  Year:        2025  N:         180
*** ERROR *** Could not produce desired level of quality in
                    << Wind Vel.       >> random deviates.
 Failed SN SD test.
 Parm:Temp. Dew Pt.   Month:           9  Year:        2025  Mlevel=   20.0000000      SDlevel=   99.9891663      Days:         180
